2015-08-26 08:40:25,319 [Worker-27] INFO  o.e.m.c.i.l.LifecycleMappingFactory - Using DEFAULT lifecycle mapping for MavenProject: org.apache.clerezza:jaxrs.rdf.providers:1.0.1-SNAPSHOT @ /home/reto/projects/apache/clerezza/jaxrs.rdf.providers/pom.xml.
2015-08-26 08:40:26,515 [Worker-27] INFO  o.e.m.j.i.AbstractJavaProjectConfigurator - Adding source folder /jaxrs.rdf.providers/src/main/java
2015-08-26 08:40:26,516 [Worker-27] ERROR o.e.m.j.i.AbstractJavaProjectConfigurator - Skipping resource folder /jaxrs.rdf.providers
2015-08-26 08:40:26,672 [Worker-27] INFO  o.e.m.j.i.AbstractJavaProjectConfigurator - Adding source folder /jaxrs.rdf.providers/src/test/java
2015-08-26 08:40:26,958 [Worker-27] INFO  o.e.m.c.i.p.ProjectConfigurationManager - Imported and configured 1 project(s) in 5 sec
2015-08-26 08:40:30,139 [Worker-40] INFO  o.e.m.c.i.embedder.EclipseLogger - Using 'utf-8' encoding to copy filtered resources.
2015-08-26 08:40:30,150 [Worker-40] INFO  o.e.m.c.i.embedder.EclipseLogger - Copying 0 resource to META-INF
2015-08-26 08:40:30,160 [Worker-40] INFO  o.e.m.c.i.embedder.EclipseLogger - skip non existing resourceDirectory /home/reto/projects/apache/clerezza/jaxrs.rdf.providers/src/main/resources
2015-08-26 08:40:30,172 [Worker-40] INFO  o.e.m.c.i.embedder.EclipseLogger - Using 'utf-8' encoding to copy filtered resources.
2015-08-26 08:40:30,173 [Worker-40] INFO  o.e.m.c.i.embedder.EclipseLogger - skip non existing resourceDirectory /home/reto/projects/apache/clerezza/jaxrs.rdf.providers/src/test/resources
2015-08-26 08:57:58,297 [Worker-55] INFO  o.e.m.c.i.embedder.EclipseLogger - Using 'utf-8' encoding to copy filtered resources.
2015-08-26 08:57:58,298 [Worker-55] INFO  o.e.m.c.i.embedder.EclipseLogger - Copying 0 resource to META-INF
2015-08-26 08:57:58,298 [Worker-55] INFO  o.e.m.c.i.embedder.EclipseLogger - skip non existing resourceDirectory /home/reto/projects/apache/clerezza/jaxrs.rdf.providers/src/main/resources
2015-08-26 08:57:58,298 [Worker-55] INFO  o.e.m.c.i.embedder.EclipseLogger - Using 'utf-8' encoding to copy filtered resources.
2015-08-26 08:57:58,298 [Worker-55] INFO  o.e.m.c.i.embedder.EclipseLogger - skip non existing resourceDirectory /home/reto/projects/apache/clerezza/jaxrs.rdf.providers/src/test/resources
2015-08-26 09:01:45,831 [Worker-61] INFO  o.e.m.c.i.p.ProjectConfigurationManager - Update started
2015-08-26 09:01:46,411 [Worker-61] INFO  o.e.m.c.i.l.LifecycleMappingFactory - Using DEFAULT lifecycle mapping for MavenProject: org.apache.clerezza:jaxrs.rdf.providers:1.0.1-SNAPSHOT @ /home/reto/projects/apache/clerezza/jaxrs.rdf.providers/pom.xml.
2015-08-26 09:01:46,712 [Worker-61] INFO  o.e.m.j.i.AbstractJavaProjectConfigurator - Adding source folder /jaxrs.rdf.providers/src/main/java
2015-08-26 09:01:46,712 [Worker-61] ERROR o.e.m.j.i.AbstractJavaProjectConfigurator - Skipping resource folder /jaxrs.rdf.providers
2015-08-26 09:01:46,744 [Worker-61] INFO  o.e.m.j.i.AbstractJavaProjectConfigurator - Adding source folder /jaxrs.rdf.providers/src/test/java
2015-08-26 09:01:46,862 [Worker-61] INFO  o.e.m.c.i.p.ProjectConfigurationManager - Update completed: 1 sec
2015-08-26 09:01:47,466 [Worker-93] INFO  o.e.m.c.i.embedder.EclipseLogger - Using 'utf-8' encoding to copy filtered resources.
2015-08-26 09:01:47,466 [Worker-93] INFO  o.e.m.c.i.embedder.EclipseLogger - Copying 0 resource to META-INF
2015-08-26 09:01:47,466 [Worker-93] INFO  o.e.m.c.i.embedder.EclipseLogger - skip non existing resourceDirectory /home/reto/projects/apache/clerezza/jaxrs.rdf.providers/src/main/resources
2015-08-26 09:01:47,467 [Worker-93] INFO  o.e.m.c.i.embedder.EclipseLogger - Using 'utf-8' encoding to copy filtered resources.
2015-08-26 09:01:47,468 [Worker-93] INFO  o.e.m.c.i.embedder.EclipseLogger - skip non existing resourceDirectory /home/reto/projects/apache/clerezza/jaxrs.rdf.providers/src/test/resources
2015-08-26 09:02:08,198 [DefaultMetadataResolver-0-3] INFO  o.e.m.c.i.e.AbstractTransferListenerAdapter - Downloaded http://repo.maven.apache.org/maven2/org/apache/clerezza/clerezza/8-SNAPSHOT/maven-metadata.xml
2015-08-26 09:02:08,204 [DefaultMetadataResolver-0-1] INFO  o.e.m.c.i.e.AbstractTransferListenerAdapter - Downloaded http://repo.maven.apache.org/maven2/org/apache/clerezza/clerezza/8-SNAPSHOT/maven-metadata.xml
2015-08-26 09:02:08,431 [DefaultMetadataResolver-0-2] INFO  o.e.m.c.i.e.AbstractTransferListenerAdapter - Downloaded http://repository.apache.org/snapshots/org/apache/clerezza/clerezza/8-SNAPSHOT/maven-metadata.xml
2015-08-26 09:02:08,577 [DefaultMetadataResolver-0-0] INFO  o.e.m.c.i.e.AbstractTransferListenerAdapter - Downloaded http://repository.apache.org/snapshots/org/apache/clerezza/clerezza/8-SNAPSHOT/maven-metadata.xml
2015-08-26 09:02:08,976 [Worker-95] INFO  o.e.m.c.i.e.AbstractTransferListenerAdapter - Downloaded http://repository.apache.org/snapshots/org/apache/clerezza/clerezza/8-SNAPSHOT/clerezza-8-SNAPSHOT.pom
2015-08-26 09:02:09,208 [Worker-95] INFO  o.e.m.c.i.e.AbstractTransferListenerAdapter - Downloaded http://repo.maven.apache.org/maven2/org/apache/clerezza/clerezza/8-SNAPSHOT/clerezza-8-SNAPSHOT.pom
2015-08-26 09:02:21,654 [Worker-75] INFO  o.e.m.i.launch.MavenLaunchDelegate - /home/reto/projects/apache/clerezza/jaxrs.rdf.providers
2015-08-26 09:02:21,658 [Worker-75] INFO  o.e.m.i.launch.MavenLaunchDelegate -  mvn  -B install
2015-08-26 09:02:32,129 [Worker-94] INFO  o.e.m.c.i.embedder.EclipseLogger - Using 'utf-8' encoding to copy filtered resources.
2015-08-26 09:02:32,131 [Worker-94] INFO  o.e.m.c.i.embedder.EclipseLogger - Copying 0 resource to META-INF
2015-08-26 09:02:32,131 [Worker-94] INFO  o.e.m.c.i.embedder.EclipseLogger - skip non existing resourceDirectory /home/reto/projects/apache/clerezza/jaxrs.rdf.providers/src/main/resources
2015-08-26 09:02:32,132 [Worker-94] INFO  o.e.m.c.i.embedder.EclipseLogger - Using 'utf-8' encoding to copy filtered resources.
2015-08-26 09:02:32,132 [Worker-94] INFO  o.e.m.c.i.embedder.EclipseLogger - skip non existing resourceDirectory /home/reto/projects/apache/clerezza/jaxrs.rdf.providers/src/test/resources
2015-08-26 09:03:55,440 [Worker-96] INFO  o.e.m.c.i.embedder.EclipseLogger - Using 'utf-8' encoding to copy filtered resources.
2015-08-26 09:03:55,447 [Worker-96] INFO  o.e.m.c.i.embedder.EclipseLogger - Copying 0 resource to META-INF
2015-08-26 09:03:55,448 [Worker-96] INFO  o.e.m.c.i.embedder.EclipseLogger - skip non existing resourceDirectory /home/reto/projects/apache/clerezza/jaxrs.rdf.providers/src/main/resources
2015-08-26 09:03:55,448 [Worker-96] INFO  o.e.m.c.i.embedder.EclipseLogger - Using 'utf-8' encoding to copy filtered resources.
2015-08-26 09:03:55,448 [Worker-96] INFO  o.e.m.c.i.embedder.EclipseLogger - skip non existing resourceDirectory /home/reto/projects/apache/clerezza/jaxrs.rdf.providers/src/test/resources
2015-08-26 09:04:04,949 [Worker-95] INFO  o.e.m.c.i.embedder.EclipseLogger - Using 'utf-8' encoding to copy filtered resources.
2015-08-26 09:04:04,950 [Worker-95] INFO  o.e.m.c.i.embedder.EclipseLogger - Copying 0 resource to META-INF
2015-08-26 09:04:04,950 [Worker-95] INFO  o.e.m.c.i.embedder.EclipseLogger - skip non existing resourceDirectory /home/reto/projects/apache/clerezza/jaxrs.rdf.providers/src/main/resources
2015-08-26 09:04:04,950 [Worker-95] INFO  o.e.m.c.i.embedder.EclipseLogger - Using 'utf-8' encoding to copy filtered resources.
2015-08-26 09:04:04,950 [Worker-95] INFO  o.e.m.c.i.embedder.EclipseLogger - skip non existing resourceDirectory /home/reto/projects/apache/clerezza/jaxrs.rdf.providers/src/test/resources
2015-08-26 09:04:12,415 [Worker-93] INFO  o.e.m.i.launch.MavenLaunchDelegate - /home/reto/projects/apache/clerezza/jaxrs.rdf.providers
2015-08-26 09:04:12,416 [Worker-93] INFO  o.e.m.i.launch.MavenLaunchDelegate -  mvn  -B install
2015-08-26 09:04:22,179 [Worker-95] INFO  o.e.m.c.i.embedder.EclipseLogger - Using 'utf-8' encoding to copy filtered resources.
2015-08-26 09:04:22,186 [Worker-95] INFO  o.e.m.c.i.embedder.EclipseLogger - Copying 0 resource to META-INF
2015-08-26 09:04:22,188 [Worker-95] INFO  o.e.m.c.i.embedder.EclipseLogger - skip non existing resourceDirectory /home/reto/projects/apache/clerezza/jaxrs.rdf.providers/src/main/resources
2015-08-26 09:04:22,195 [Worker-95] INFO  o.e.m.c.i.embedder.EclipseLogger - Using 'utf-8' encoding to copy filtered resources.
2015-08-26 09:04:22,195 [Worker-95] INFO  o.e.m.c.i.embedder.EclipseLogger - skip non existing resourceDirectory /home/reto/projects/apache/clerezza/jaxrs.rdf.providers/src/test/resources
2015-08-26 09:58:18,811 [Worker-105] INFO  o.e.m.c.i.l.LifecycleMappingFactory - Using DEFAULT lifecycle mapping for MavenProject: org.apache.clerezza:jaxrs.whiteboard.jersey:1.0.0-SNAPSHOT @ /home/reto/projects/apache/clerezza/jaxrs.whiteboard.jersey/pom.xml.
2015-08-26 09:58:19,289 [Worker-105] INFO  o.e.m.j.i.AbstractJavaProjectConfigurator - Adding source folder /jaxrs.whiteboard.jersey/src/main/java
2015-08-26 09:58:19,289 [Worker-105] ERROR o.e.m.j.i.AbstractJavaProjectConfigurator - Skipping resource folder /jaxrs.whiteboard.jersey
2015-08-26 09:58:19,305 [Worker-105] INFO  o.e.m.j.i.AbstractJavaProjectConfigurator - Adding resource folder /jaxrs.whiteboard.jersey/src/main/resources
2015-08-26 09:58:19,308 [Worker-105] INFO  o.e.m.j.i.AbstractJavaProjectConfigurator - Adding source folder /jaxrs.whiteboard.jersey/src/test/java
2015-08-26 09:58:19,430 [Worker-105] INFO  o.e.m.c.i.p.ProjectConfigurationManager - Imported and configured 1 project(s) in 0 sec
2015-08-26 09:58:20,193 [Worker-119] INFO  o.e.m.c.i.embedder.EclipseLogger - Using 'utf-8' encoding to copy filtered resources.
2015-08-26 09:58:20,193 [Worker-119] INFO  o.e.m.c.i.embedder.EclipseLogger - Copying 0 resource to META-INF
2015-08-26 09:58:20,193 [Worker-119] INFO  o.e.m.c.i.embedder.EclipseLogger - Copying 1 resource
2015-08-26 09:58:20,214 [Worker-119] INFO  o.e.m.c.i.embedder.EclipseLogger - Using 'utf-8' encoding to copy filtered resources.
2015-08-26 09:58:20,214 [Worker-119] INFO  o.e.m.c.i.embedder.EclipseLogger - skip non existing resourceDirectory /home/reto/projects/apache/clerezza/jaxrs.whiteboard.jersey/src/test/resources
2015-08-26 11:53:44,573 [Worker-140] INFO  o.e.m.c.i.embedder.EclipseLogger - Using 'utf-8' encoding to copy filtered resources.
2015-08-26 11:53:44,573 [Worker-140] INFO  o.e.m.c.i.embedder.EclipseLogger - Copying 0 resource to META-INF
2015-08-26 11:53:44,573 [Worker-140] INFO  o.e.m.c.i.embedder.EclipseLogger - skip non existing resourceDirectory /home/reto/projects/apache/clerezza/jaxrs.rdf.providers/src/main/resources
2015-08-26 11:53:44,579 [Worker-140] INFO  o.e.m.c.i.embedder.EclipseLogger - Using 'utf-8' encoding to copy filtered resources.
2015-08-26 11:53:44,580 [Worker-140] INFO  o.e.m.c.i.embedder.EclipseLogger - skip non existing resourceDirectory /home/reto/projects/apache/clerezza/jaxrs.rdf.providers/src/test/resources
2015-08-26 11:53:53,731 [Worker-150] INFO  o.e.m.i.launch.MavenLaunchDelegate - /home/reto/projects/apache/clerezza/jaxrs.rdf.providers
2015-08-26 11:53:53,731 [Worker-150] INFO  o.e.m.i.launch.MavenLaunchDelegate -  mvn  -B install
2015-08-26 11:54:03,234 [Worker-145] INFO  o.e.m.c.i.embedder.EclipseLogger - Using 'utf-8' encoding to copy filtered resources.
2015-08-26 11:54:03,234 [Worker-145] INFO  o.e.m.c.i.embedder.EclipseLogger - Copying 0 resource to META-INF
2015-08-26 11:54:03,234 [Worker-145] INFO  o.e.m.c.i.embedder.EclipseLogger - skip non existing resourceDirectory /home/reto/projects/apache/clerezza/jaxrs.rdf.providers/src/main/resources
2015-08-26 11:54:03,234 [Worker-145] INFO  o.e.m.c.i.embedder.EclipseLogger - Using 'utf-8' encoding to copy filtered resources.
2015-08-26 11:54:03,234 [Worker-145] INFO  o.e.m.c.i.embedder.EclipseLogger - skip non existing resourceDirectory /home/reto/projects/apache/clerezza/jaxrs.rdf.providers/src/test/resources
2015-08-26 12:45:23,885 [Worker-145] INFO  o.e.m.i.launch.MavenLaunchDelegate - /home/reto/projects/apache/clerezza/jaxrs.whiteboard.jersey
2015-08-26 12:45:23,885 [Worker-145] INFO  o.e.m.i.launch.MavenLaunchDelegate -  mvn  -B install
2015-08-26 12:45:33,690 [Worker-155] INFO  o.e.m.c.i.embedder.EclipseLogger - Using 'utf-8' encoding to copy filtered resources.
2015-08-26 12:45:33,690 [Worker-155] INFO  o.e.m.c.i.embedder.EclipseLogger - Copying 0 resource to META-INF
2015-08-26 12:45:33,690 [Worker-155] INFO  o.e.m.c.i.embedder.EclipseLogger - Copying 0 resource
2015-08-26 12:45:33,691 [Worker-155] INFO  o.e.m.c.i.embedder.EclipseLogger - Using 'utf-8' encoding to copy filtered resources.
2015-08-26 12:45:33,691 [Worker-155] INFO  o.e.m.c.i.embedder.EclipseLogger - skip non existing resourceDirectory /home/reto/projects/apache/clerezza/jaxrs.whiteboard.jersey/src/test/resources
2015-08-26 13:59:28,291 [Worker-162] INFO  o.e.m.c.i.embedder.EclipseLogger - Using 'utf-8' encoding to copy filtered resources.
2015-08-26 13:59:28,292 [Worker-162] INFO  o.e.m.c.i.embedder.EclipseLogger - Copying 0 resource to META-INF
2015-08-26 13:59:28,292 [Worker-162] INFO  o.e.m.c.i.embedder.EclipseLogger - Copying 0 resource
2015-08-26 13:59:28,299 [Worker-162] INFO  o.e.m.c.i.embedder.EclipseLogger - Using 'utf-8' encoding to copy filtered resources.
2015-08-26 13:59:28,299 [Worker-162] INFO  o.e.m.c.i.embedder.EclipseLogger - skip non existing resourceDirectory /home/reto/projects/apache/clerezza/jaxrs.whiteboard.jersey/src/test/resources
2015-08-26 14:00:00,199 [Worker-157] INFO  o.e.m.i.launch.MavenLaunchDelegate - /home/reto/projects/apache/clerezza/jaxrs.whiteboard.jersey
2015-08-26 14:00:00,199 [Worker-157] INFO  o.e.m.i.launch.MavenLaunchDelegate -  mvn  -B install
2015-08-26 14:00:12,525 [Worker-162] INFO  o.e.m.c.i.embedder.EclipseLogger - Using 'utf-8' encoding to copy filtered resources.
2015-08-26 14:00:12,525 [Worker-162] INFO  o.e.m.c.i.embedder.EclipseLogger - Copying 0 resource to META-INF
2015-08-26 14:00:12,525 [Worker-162] INFO  o.e.m.c.i.embedder.EclipseLogger - Copying 0 resource
2015-08-26 14:00:12,527 [Worker-162] INFO  o.e.m.c.i.embedder.EclipseLogger - Using 'utf-8' encoding to copy filtered resources.
2015-08-26 14:00:12,527 [Worker-162] INFO  o.e.m.c.i.embedder.EclipseLogger - skip non existing resourceDirectory /home/reto/projects/apache/clerezza/jaxrs.whiteboard.jersey/src/test/resources
2015-08-26 14:07:20,485 [Worker-161] INFO  o.e.m.c.i.l.LifecycleMappingFactory - Using DEFAULT lifecycle mapping for MavenProject: org.apache.clerezza:jaxrs.whiteboard.jersey:1.0.0-SNAPSHOT @ /home/reto/projects/apache/clerezza/jaxrs.whiteboard.jersey/pom.xml.
2015-08-26 14:07:21,067 [Worker-161] INFO  o.e.m.c.i.embedder.EclipseLogger - Using 'utf-8' encoding to copy filtered resources.
2015-08-26 14:07:21,067 [Worker-161] INFO  o.e.m.c.i.embedder.EclipseLogger - Copying 0 resource to META-INF
2015-08-26 14:07:21,067 [Worker-161] INFO  o.e.m.c.i.embedder.EclipseLogger - Copying 0 resource
2015-08-26 14:07:21,087 [Worker-161] INFO  o.e.m.c.i.embedder.EclipseLogger - Using 'utf-8' encoding to copy filtered resources.
2015-08-26 14:07:21,087 [Worker-161] INFO  o.e.m.c.i.embedder.EclipseLogger - skip non existing resourceDirectory /home/reto/projects/apache/clerezza/jaxrs.whiteboard.jersey/src/test/resources
2015-08-26 14:08:27,751 [Worker-167] INFO  o.e.m.c.i.embedder.EclipseLogger - Using 'utf-8' encoding to copy filtered resources.
2015-08-26 14:08:27,757 [Worker-167] INFO  o.e.m.c.i.embedder.EclipseLogger - Copying 0 resource to META-INF
2015-08-26 14:08:27,757 [Worker-167] INFO  o.e.m.c.i.embedder.EclipseLogger - Copying 0 resource
2015-08-26 14:08:27,772 [Worker-167] INFO  o.e.m.c.i.embedder.EclipseLogger - Using 'utf-8' encoding to copy filtered resources.
2015-08-26 14:08:27,772 [Worker-167] INFO  o.e.m.c.i.embedder.EclipseLogger - skip non existing resourceDirectory /home/reto/projects/apache/clerezza/jaxrs.whiteboard.jersey/src/test/resources
2015-08-26 14:54:59,934 [Worker-171] INFO  o.e.m.c.i.embedder.EclipseLogger - Using 'utf-8' encoding to copy filtered resources.
2015-08-26 14:54:59,935 [Worker-171] INFO  o.e.m.c.i.embedder.EclipseLogger - Copying 0 resource to META-INF
2015-08-26 14:54:59,935 [Worker-171] INFO  o.e.m.c.i.embedder.EclipseLogger - skip non existing resourceDirectory /home/reto/projects/apache/clerezza/jaxrs.rdf.providers/src/main/resources
2015-08-26 14:54:59,945 [Worker-171] INFO  o.e.m.c.i.embedder.EclipseLogger - Using 'utf-8' encoding to copy filtered resources.
2015-08-26 14:54:59,945 [Worker-171] INFO  o.e.m.c.i.embedder.EclipseLogger - skip non existing resourceDirectory /home/reto/projects/apache/clerezza/jaxrs.rdf.providers/src/test/resources
2015-08-26 14:55:00,151 [Worker-171] INFO  o.e.m.c.i.embedder.EclipseLogger - Using 'utf-8' encoding to copy filtered resources.
2015-08-26 14:55:00,151 [Worker-171] INFO  o.e.m.c.i.embedder.EclipseLogger - Copying 0 resource to META-INF
2015-08-26 14:55:00,151 [Worker-171] INFO  o.e.m.c.i.embedder.EclipseLogger - Copying 0 resource
2015-08-26 14:55:00,151 [Worker-171] INFO  o.e.m.c.i.embedder.EclipseLogger - Using 'utf-8' encoding to copy filtered resources.
2015-08-26 14:55:00,151 [Worker-171] INFO  o.e.m.c.i.embedder.EclipseLogger - skip non existing resourceDirectory /home/reto/projects/apache/clerezza/jaxrs.whiteboard.jersey/src/test/resources
2015-08-26 14:59:36,396 [Worker-172] INFO  o.e.m.c.i.embedder.EclipseLogger - Using 'utf-8' encoding to copy filtered resources.
2015-08-26 14:59:36,397 [Worker-172] INFO  o.e.m.c.i.embedder.EclipseLogger - Copying 0 resource to META-INF
2015-08-26 14:59:36,397 [Worker-172] INFO  o.e.m.c.i.embedder.EclipseLogger - skip non existing resourceDirectory /home/reto/projects/apache/clerezza/jaxrs.rdf.providers/src/main/resources
2015-08-26 14:59:36,397 [Worker-172] INFO  o.e.m.c.i.embedder.EclipseLogger - Using 'utf-8' encoding to copy filtered resources.
2015-08-26 14:59:36,398 [Worker-172] INFO  o.e.m.c.i.embedder.EclipseLogger - skip non existing resourceDirectory /home/reto/projects/apache/clerezza/jaxrs.rdf.providers/src/test/resources
2015-08-26 14:59:36,429 [Worker-172] INFO  o.e.m.c.i.embedder.EclipseLogger - Using 'utf-8' encoding to copy filtered resources.
2015-08-26 14:59:36,429 [Worker-172] INFO  o.e.m.c.i.embedder.EclipseLogger - Copying 0 resource to META-INF
2015-08-26 14:59:36,429 [Worker-172] INFO  o.e.m.c.i.embedder.EclipseLogger - Copying 0 resource
2015-08-26 14:59:36,454 [Worker-172] INFO  o.e.m.c.i.embedder.EclipseLogger - Using 'utf-8' encoding to copy filtered resources.
2015-08-26 14:59:36,456 [Worker-172] INFO  o.e.m.c.i.embedder.EclipseLogger - skip non existing resourceDirectory /home/reto/projects/apache/clerezza/jaxrs.whiteboard.jersey/src/test/resources
2015-08-26 17:32:20,734 [Worker-1] INFO  o.e.m.c.i.embedder.EclipseLogger - Using 'utf-8' encoding to copy filtered resources.
2015-08-26 17:32:20,756 [Worker-1] INFO  o.e.m.c.i.embedder.EclipseLogger - Copying 0 resource to META-INF
2015-08-26 17:32:20,759 [Worker-1] INFO  o.e.m.c.i.embedder.EclipseLogger - Copying 1 resource
2015-08-26 17:32:20,780 [Worker-1] INFO  o.e.m.c.i.embedder.EclipseLogger - Using 'utf-8' encoding to copy filtered resources.
2015-08-26 17:32:20,780 [Worker-1] INFO  o.e.m.c.i.embedder.EclipseLogger - skip non existing resourceDirectory /home/reto/projects/apache/clerezza/jaxrs.whiteboard.jersey/src/test/resources
